2019-02-04 11:57:32,981 - Default ResourceManager initialization complete.
2019-02-04 11:57:32,982 - Loaded System Directive: org.apache.velocity.runtime.directive.Literal
2019-02-04 11:57:32,982 - Loaded System Directive: org.apache.velocity.runtime.directive.Macro
2019-02-04 11:57:32,983 - Loaded System Directive: org.apache.velocity.runtime.directive.Parse
2019-02-04 11:57:32,984 - Loaded System Directive: org.apache.velocity.runtime.directive.Include
2019-02-04 11:57:32,985 - Loaded System Directive: org.apache.velocity.runtime.directive.Foreach
2019-02-04 11:57:33,003 - Created: 20 parsers.
2019-02-04 11:57:33,006 - Velocimacro : initialization starting.
2019-02-04 11:57:33,006 - Velocimacro : adding VMs from VM library template : VM_global_library.vm
2019-02-04 11:57:33,017 - ResourceManager : unable to find resource 'VM_global_library.vm' in any resource loader.
2019-02-04 11:57:33,017 - Velocimacro : error using  VM library template VM_global_library.vm : org.apache.velocity.exception.ResourceNotFoundException: Unable to find resource 'VM_global_library.vm'
2019-02-04 11:57:33,017 - Velocimacro :  VM library template macro registration complete.
2019-02-04 11:57:33,017 - Velocimacro : allowInline = true : VMs can be defined inline in templates
2019-02-04 11:57:33,017 - Velocimacro : allowInlineToOverride = false : VMs defined inline may NOT replace previous VM definitions
2019-02-04 11:57:33,017 - Velocimacro : allowInlineLocal = false : VMs defined inline will be  global in scope if allowed.
2019-02-04 11:57:33,017 - Velocimacro : messages on  : VM system will output logging messages
2019-02-04 11:57:33,017 - Velocimacro : autoload off  : VM system will not automatically reload global library macros
2019-02-04 11:57:33,017 - Velocimacro : initialization complete.
2019-02-04 11:57:33,017 - Velocity successfully started.
2019-02-04 11:59:03,223 - SimpleLog4JLogSystem initialized using logfile 'velocity.log'
2019-02-04 11:59:03,224 - ************************************************************** 
2019-02-04 11:59:03,224 - Starting Jakarta Velocity v1.4
2019-02-04 11:59:03,224 - RuntimeInstance initializing.
2019-02-04 11:59:03,224 - Default Properties File: org/apache/velocity/runtime/defaults/velocity.properties
2019-02-04 11:59:03,224 - Trying to use logger class org.apache.velocity.runtime.log.SimpleLog4JLogSystem
2019-02-04 11:59:03,224 - Using logger class org.apache.velocity.runtime.log.SimpleLog4JLogSystem
2019-02-04 11:59:03,225 - Default ResourceManager initializing. (class org.apache.velocity.runtime.resource.ResourceManagerImpl)
2019-02-04 11:59:03,226 - Resource Loader Instantiated: org.apache.velocity.runtime.resource.loader.ClasspathResourceLoader
2019-02-04 11:59:03,226 - ClasspathResourceLoader : initialization starting.
2019-02-04 11:59:03,226 - ClasspathResourceLoader : initialization complete.
2019-02-04 11:59:03,227 - ResourceCache : initialized. (class org.apache.velocity.runtime.resource.ResourceCacheImpl)
2019-02-04 11:59:03,227 - Default ResourceManager initialization complete.
2019-02-04 11:59:03,227 - Loaded System Directive: org.apache.velocity.runtime.directive.Literal
2019-02-04 11:59:03,228 - Loaded System Directive: org.apache.velocity.runtime.directive.Macro
2019-02-04 11:59:03,229 - Loaded System Directive: org.apache.velocity.runtime.directive.Parse
2019-02-04 11:59:03,230 - Loaded System Directive: org.apache.velocity.runtime.directive.Include
2019-02-04 11:59:03,230 - Loaded System Directive: org.apache.velocity.runtime.directive.Foreach
2019-02-04 11:59:03,248 - Created: 20 parsers.
2019-02-04 11:59:03,264 - Velocimacro : initialization starting.
2019-02-04 11:59:03,264 - Velocimacro : adding VMs from VM library template : VM_global_library.vm
2019-02-04 11:59:03,265 - ResourceManager : unable to find resource 'VM_global_library.vm' in any resource loader.
2019-02-04 11:59:03,265 - Velocimacro : error using  VM library template VM_global_library.vm : org.apache.velocity.exception.ResourceNotFoundException: Unable to find resource 'VM_global_library.vm'
2019-02-04 11:59:03,265 - Velocimacro :  VM library template macro registration complete.
2019-02-04 11:59:03,265 - Velocimacro : allowInline = true : VMs can be defined inline in templates
2019-02-04 11:59:03,265 - Velocimacro : allowInlineToOverride = false : VMs defined inline may NOT replace previous VM definitions
2019-02-04 11:59:03,265 - Velocimacro : allowInlineLocal = false : VMs defined inline will be  global in scope if allowed.
2019-02-04 11:59:03,265 - Velocimacro : messages on  : VM system will output logging messages
2019-02-04 11:59:03,265 - Velocimacro : autoload off  : VM system will not automatically reload global library macros
2019-02-04 11:59:03,266 - Velocimacro : initialization complete.
2019-02-04 11:59:03,266 - Velocity successfully started.
2019-02-04 12:02:57,509 - SimpleLog4JLogSystem initialized using logfile 'velocity.log'
2019-02-04 12:02:57,510 - ************************************************************** 
2019-02-04 12:02:57,510 - Starting Jakarta Velocity v1.4
2019-02-04 12:02:57,510 - RuntimeInstance initializing.
2019-02-04 12:02:57,510 - Default Properties File: org/apache/velocity/runtime/defaults/velocity.properties
2019-02-04 12:02:57,510 - Trying to use logger class org.apache.velocity.runtime.log.SimpleLog4JLogSystem
2019-02-04 12:02:57,510 - Using logger class org.apache.velocity.runtime.log.SimpleLog4JLogSystem
2019-02-04 12:02:57,511 - Default ResourceManager initializing. (class org.apache.velocity.runtime.resource.ResourceManagerImpl)
2019-02-04 12:02:57,513 - Resource Loader Instantiated: org.apache.velocity.runtime.resource.loader.ClasspathResourceLoader
2019-02-04 12:02:57,513 - ClasspathResourceLoader : initialization starting.
2019-02-04 12:02:57,513 - ClasspathResourceLoader : initialization complete.
2019-02-04 12:02:57,514 - ResourceCache : initialized. (class org.apache.velocity.runtime.resource.ResourceCacheImpl)
2019-02-04 12:02:57,514 - Default ResourceManager initialization complete.
2019-02-04 12:02:57,515 - Loaded System Directive: org.apache.velocity.runtime.directive.Literal
2019-02-04 12:02:57,515 - Loaded System Directive: org.apache.velocity.runtime.directive.Macro
2019-02-04 12:02:57,516 - Loaded System Directive: org.apache.velocity.runtime.directive.Parse
2019-02-04 12:02:57,517 - Loaded System Directive: org.apache.velocity.runtime.directive.Include
2019-02-04 12:02:57,517 - Loaded System Directive: org.apache.velocity.runtime.directive.Foreach
2019-02-04 12:02:57,536 - Created: 20 parsers.
2019-02-04 12:02:57,538 - Velocimacro : initialization starting.
2019-02-04 12:02:57,539 - Velocimacro : adding VMs from VM library template : VM_global_library.vm
2019-02-04 12:02:57,550 - ResourceManager : unable to find resource 'VM_global_library.vm' in any resource loader.
2019-02-04 12:02:57,550 - Velocimacro : error using  VM library template VM_global_library.vm : org.apache.velocity.exception.ResourceNotFoundException: Unable to find resource 'VM_global_library.vm'
2019-02-04 12:02:57,550 - Velocimacro :  VM library template macro registration complete.
2019-02-04 12:02:57,550 - Velocimacro : allowInline = true : VMs can be defined inline in templates
2019-02-04 12:02:57,550 - Velocimacro : allowInlineToOverride = false : VMs defined inline may NOT replace previous VM definitions
2019-02-04 12:02:57,550 - Velocimacro : allowInlineLocal = false : VMs defined inline will be  global in scope if allowed.
2019-02-04 12:02:57,550 - Velocimacro : messages on  : VM system will output logging messages
2019-02-04 12:02:57,550 - Velocimacro : autoload off  : VM system will not automatically reload global library macros
2019-02-04 12:02:57,551 - Velocimacro : initialization complete.
2019-02-04 12:02:57,551 - Velocity successfully started.
2019-02-04 12:12:24,252 - SimpleLog4JLogSystem initialized using logfile 'velocity.log'
2019-02-04 12:12:24,252 - ************************************************************** 
2019-02-04 12:12:24,252 - Starting Jakarta Velocity v1.4
2019-02-04 12:12:24,252 - RuntimeInstance initializing.
2019-02-04 12:12:24,252 - Default Properties File: org/apache/velocity/runtime/defaults/velocity.properties
2019-02-04 12:12:24,252 - Trying to use logger class org.apache.velocity.runtime.log.SimpleLog4JLogSystem
2019-02-04 12:12:24,252 - Using logger class org.apache.velocity.runtime.log.SimpleLog4JLogSystem
2019-02-04 12:12:24,253 - Default ResourceManager initializing. (class org.apache.velocity.runtime.resource.ResourceManagerImpl)
2019-02-04 12:12:24,254 - Resource Loader Instantiated: org.apache.velocity.runtime.resource.loader.ClasspathResourceLoader
2019-02-04 12:12:24,254 - ClasspathResourceLoader : initialization starting.
2019-02-04 12:12:24,254 - ClasspathResourceLoader : initialization complete.
2019-02-04 12:12:24,254 - ResourceCache : initialized. (class org.apache.velocity.runtime.resource.ResourceCacheImpl)
2019-02-04 12:12:24,254 - Default ResourceManager initialization complete.
2019-02-04 12:12:24,255 - Loaded System Directive: org.apache.velocity.runtime.directive.Literal
2019-02-04 12:12:24,255 - Loaded System Directive: org.apache.velocity.runtime.directive.Macro
2019-02-04 12:12:24,256 - Loaded System Directive: org.apache.velocity.runtime.directive.Parse
2019-02-04 12:12:24,257 - Loaded System Directive: org.apache.velocity.runtime.directive.Include
2019-02-04 12:12:24,257 - Loaded System Directive: org.apache.velocity.runtime.directive.Foreach
2019-02-04 12:12:24,279 - Created: 20 parsers.
2019-02-04 12:12:24,281 - Velocimacro : initialization starting.
2019-02-04 12:12:24,281 - Velocimacro : adding VMs from VM library template : VM_global_library.vm
2019-02-04 12:12:24,282 - ResourceManager : unable to find resource 'VM_global_library.vm' in any resource loader.
2019-02-04 12:12:24,282 - Velocimacro : error using  VM library template VM_global_library.vm : org.apache.velocity.exception.ResourceNotFoundException: Unable to find resource 'VM_global_library.vm'
2019-02-04 12:12:24,282 - Velocimacro :  VM library template macro registration complete.
2019-02-04 12:12:24,282 - Velocimacro : allowInline = true : VMs can be defined inline in templates
2019-02-04 12:12:24,282 - Velocimacro : allowInlineToOverride = false : VMs defined inline may NOT replace previous VM definitions
2019-02-04 12:12:24,282 - Velocimacro : allowInlineLocal = false : VMs defined inline will be  global in scope if allowed.
2019-02-04 12:12:24,282 - Velocimacro : messages on  : VM system will output logging messages
2019-02-04 12:12:24,282 - Velocimacro : autoload off  : VM system will not automatically reload global library macros
2019-02-04 12:12:24,282 - Velocimacro : initialization complete.
2019-02-04 12:12:24,282 - Velocity successfully started.
2019-02-04 12:14:00,551 - SimpleLog4JLogSystem initialized using logfile 'velocity.log'
2019-02-04 12:14:00,551 - ************************************************************** 
2019-02-04 12:14:00,551 - Starting Jakarta Velocity v1.4
2019-02-04 12:14:00,551 - RuntimeInstance initializing.
2019-02-04 12:14:00,551 - Default Properties File: org/apache/velocity/runtime/defaults/velocity.properties
2019-02-04 12:14:00,551 - Trying to use logger class org.apache.velocity.runtime.log.SimpleLog4JLogSystem
2019-02-04 12:14:00,551 - Using logger class org.apache.velocity.runtime.log.SimpleLog4JLogSystem
2019-02-04 12:14:00,552 - Default ResourceManager initializing. (class org.apache.velocity.runtime.resource.ResourceManagerImpl)
2019-02-04 12:14:00,553 - Resource Loader Instantiated: org.apache.velocity.runtime.resource.loader.ClasspathResourceLoader
2019-02-04 12:14:00,553 - ClasspathResourceLoader : initialization starting.
2019-02-04 12:14:00,553 - ClasspathResourceLoader : initialization complete.
2019-02-04 12:14:00,554 - ResourceCache : initialized. (class org.apache.velocity.runtime.resource.ResourceCacheImpl)
2019-02-04 12:14:00,554 - Default ResourceManager initialization complete.
2019-02-04 12:14:00,554 - Loaded System Directive: org.apache.velocity.runtime.directive.Literal
2019-02-04 12:14:00,555 - Loaded System Directive: org.apache.velocity.runtime.directive.Macro
2019-02-04 12:14:00,556 - Loaded System Directive: org.apache.velocity.runtime.directive.Parse
2019-02-04 12:14:00,556 - Loaded System Directive: org.apache.velocity.runtime.directive.Include
2019-02-04 12:14:00,556 - Loaded System Directive: org.apache.velocity.runtime.directive.Foreach
2019-02-04 12:14:00,570 - Created: 20 parsers.
2019-02-04 12:14:00,572 - Velocimacro : initialization starting.
2019-02-04 12:14:00,572 - Velocimacro : adding VMs from VM library template : VM_global_library.vm
2019-02-04 12:14:00,581 - ResourceManager : unable to find resource 'VM_global_library.vm' in any resource loader.
2019-02-04 12:14:00,581 - Velocimacro : error using  VM library template VM_global_library.vm : org.apache.velocity.exception.ResourceNotFoundException: Unable to find resource 'VM_global_library.vm'
2019-02-04 12:14:00,581 - Velocimacro :  VM library template macro registration complete.
2019-02-04 12:14:00,581 - Velocimacro : allowInline = true : VMs can be defined inline in templates
2019-02-04 12:14:00,581 - Velocimacro : allowInlineToOverride = false : VMs defined inline may NOT replace previous VM definitions
2019-02-04 12:14:00,581 - Velocimacro : allowInlineLocal = false : VMs defined inline will be  global in scope if allowed.
2019-02-04 12:14:00,581 - Velocimacro : messages on  : VM system will output logging messages
2019-02-04 12:14:00,581 - Velocimacro : autoload off  : VM system will not automatically reload global library macros
2019-02-04 12:14:00,581 - Velocimacro : initialization complete.
2019-02-04 12:14:00,581 - Velocity successfully started.
2019-02-04 12:15:17,715 - SimpleLog4JLogSystem initialized using logfile 'velocity.log'
2019-02-04 12:15:17,715 - ************************************************************** 
2019-02-04 12:15:17,715 - Starting Jakarta Velocity v1.4
2019-02-04 12:15:17,715 - RuntimeInstance initializing.
2019-02-04 12:15:17,715 - Default Properties File: org/apache/velocity/runtime/defaults/velocity.properties
2019-02-04 12:15:17,715 - Trying to use logger class org.apache.velocity.runtime.log.SimpleLog4JLogSystem
2019-02-04 12:15:17,715 - Using logger class org.apache.velocity.runtime.log.SimpleLog4JLogSystem
2019-02-04 12:15:17,717 - Default ResourceManager initializing. (class org.apache.velocity.runtime.resource.ResourceManagerImpl)
2019-02-04 12:15:17,718 - Resource Loader Instantiated: org.apache.velocity.runtime.resource.loader.ClasspathResourceLoader
2019-02-04 12:15:17,718 - ClasspathResourceLoader : initialization starting.
2019-02-04 12:15:17,718 - ClasspathResourceLoader : initialization complete.
2019-02-04 12:15:17,718 - ResourceCache : initialized. (class org.apache.velocity.runtime.resource.ResourceCacheImpl)
2019-02-04 12:15:17,719 - Default ResourceManager initialization complete.
2019-02-04 12:15:17,719 - Loaded System Directive: org.apache.velocity.runtime.directive.Literal
2019-02-04 12:15:17,720 - Loaded System Directive: org.apache.velocity.runtime.directive.Macro
2019-02-04 12:15:17,721 - Loaded System Directive: org.apache.velocity.runtime.directive.Parse
2019-02-04 12:15:17,723 - Loaded System Directive: org.apache.velocity.runtime.directive.Include
2019-02-04 12:15:17,723 - Loaded System Directive: org.apache.velocity.runtime.directive.Foreach
2019-02-04 12:15:17,740 - Created: 20 parsers.
2019-02-04 12:15:17,742 - Velocimacro : initialization starting.
2019-02-04 12:15:17,743 - Velocimacro : adding VMs from VM library template : VM_global_library.vm
2019-02-04 12:15:17,753 - ResourceManager : unable to find resource 'VM_global_library.vm' in any resource loader.
2019-02-04 12:15:17,753 - Velocimacro : error using  VM library template VM_global_library.vm : org.apache.velocity.exception.ResourceNotFoundException: Unable to find resource 'VM_global_library.vm'
2019-02-04 12:15:17,753 - Velocimacro :  VM library template macro registration complete.
2019-02-04 12:15:17,753 - Velocimacro : allowInline = true : VMs can be defined inline in templates
2019-02-04 12:15:17,753 - Velocimacro : allowInlineToOverride = false : VMs defined inline may NOT replace previous VM definitions
2019-02-04 12:15:17,753 - Velocimacro : allowInlineLocal = false : VMs defined inline will be  global in scope if allowed.
2019-02-04 12:15:17,753 - Velocimacro : messages on  : VM system will output logging messages
2019-02-04 12:15:17,753 - Velocimacro : autoload off  : VM system will not automatically reload global library macros
2019-02-04 12:15:17,753 - Velocimacro : initialization complete.
2019-02-04 12:15:17,753 - Velocity successfully started.
2019-02-04 12:16:00,805 - SimpleLog4JLogSystem initialized using logfile 'velocity.log'
2019-02-04 12:16:00,806 - ************************************************************** 
2019-02-04 12:16:00,806 - Starting Jakarta Velocity v1.4
2019-02-04 12:16:00,806 - RuntimeInstance initializing.
2019-02-04 12:16:00,806 - Default Properties File: org/apache/velocity/runtime/defaults/velocity.properties
2019-02-04 12:16:00,806 - Trying to use logger class org.apache.velocity.runtime.log.SimpleLog4JLogSystem
2019-02-04 12:16:00,806 - Using logger class org.apache.velocity.runtime.log.SimpleLog4JLogSystem
2019-02-04 12:16:00,807 - Default ResourceManager initializing. (class org.apache.velocity.runtime.resource.ResourceManagerImpl)
2019-02-04 12:16:00,808 - Resource Loader Instantiated: org.apache.velocity.runtime.resource.loader.ClasspathResourceLoader
2019-02-04 12:16:00,808 - ClasspathResourceLoader : initialization starting.
2019-02-04 12:16:00,808 - ClasspathResourceLoader : initialization complete.
2019-02-04 12:16:00,809 - ResourceCache : initialized. (class org.apache.velocity.runtime.resource.ResourceCacheImpl)
2019-02-04 12:16:00,809 - Default ResourceManager initialization complete.
2019-02-04 12:16:00,810 - Loaded System Directive: org.apache.velocity.runtime.directive.Literal
2019-02-04 12:16:00,811 - Loaded System Directive: org.apache.velocity.runtime.directive.Macro
2019-02-04 12:16:00,812 - Loaded System Directive: org.apache.velocity.runtime.directive.Parse
2019-02-04 12:16:00,813 - Loaded System Directive: org.apache.velocity.runtime.directive.Include
2019-02-04 12:16:00,813 - Loaded System Directive: org.apache.velocity.runtime.directive.Foreach
2019-02-04 12:16:00,830 - Created: 20 parsers.
2019-02-04 12:16:00,832 - Velocimacro : initialization starting.
2019-02-04 12:16:00,832 - Velocimacro : adding VMs from VM library template : VM_global_library.vm
2019-02-04 12:16:00,842 - ResourceManager : unable to find resource 'VM_global_library.vm' in any resource loader.
2019-02-04 12:16:00,842 - Velocimacro : error using  VM library template VM_global_library.vm : org.apache.velocity.exception.ResourceNotFoundException: Unable to find resource 'VM_global_library.vm'
2019-02-04 12:16:00,842 - Velocimacro :  VM library template macro registration complete.
2019-02-04 12:16:00,842 - Velocimacro : allowInline = true : VMs can be defined inline in templates
2019-02-04 12:16:00,842 - Velocimacro : allowInlineToOverride = false : VMs defined inline may NOT replace previous VM definitions
2019-02-04 12:16:00,842 - Velocimacro : allowInlineLocal = false : VMs defined inline will be  global in scope if allowed.
2019-02-04 12:16:00,842 - Velocimacro : messages on  : VM system will output logging messages
2019-02-04 12:16:00,842 - Velocimacro : autoload off  : VM system will not automatically reload global library macros
2019-02-04 12:16:00,842 - Velocimacro : initialization complete.
2019-02-04 12:16:00,842 - Velocity successfully started.
2019-02-04 12:18:10,861 - SimpleLog4JLogSystem initialized using logfile 'velocity.log'
2019-02-04 12:18:10,862 - ************************************************************** 
2019-02-04 12:18:10,862 - Starting Jakarta Velocity v1.4
2019-02-04 12:18:10,862 - RuntimeInstance initializing.
2019-02-04 12:18:10,862 - Default Properties File: org/apache/velocity/runtime/defaults/velocity.properties
2019-02-04 12:18:10,862 - Trying to use logger class org.apache.velocity.runtime.log.SimpleLog4JLogSystem
2019-02-04 12:18:10,862 - Using logger class org.apache.velocity.runtime.log.SimpleLog4JLogSystem
2019-02-04 12:18:10,863 - Default ResourceManager initializing. (class org.apache.velocity.runtime.resource.ResourceManagerImpl)
2019-02-04 12:18:10,864 - Resource Loader Instantiated: org.apache.velocity.runtime.resource.loader.ClasspathResourceLoader
2019-02-04 12:18:10,864 - ClasspathResourceLoader : initialization starting.
2019-02-04 12:18:10,864 - ClasspathResourceLoader : initialization complete.
2019-02-04 12:18:10,865 - ResourceCache : initialized. (class org.apache.velocity.runtime.resource.ResourceCacheImpl)
2019-02-04 12:18:10,865 - Default ResourceManager initialization complete.
2019-02-04 12:18:10,866 - Loaded System Directive: org.apache.velocity.runtime.directive.Literal
2019-02-04 12:18:10,867 - Loaded System Directive: org.apache.velocity.runtime.directive.Macro
2019-02-04 12:18:10,868 - Loaded System Directive: org.apache.velocity.runtime.directive.Parse
2019-02-04 12:18:10,869 - Loaded System Directive: org.apache.velocity.runtime.directive.Include
2019-02-04 12:18:10,869 - Loaded System Directive: org.apache.velocity.runtime.directive.Foreach
2019-02-04 12:18:10,895 - Created: 20 parsers.
2019-02-04 12:18:10,897 - Velocimacro : initialization starting.
2019-02-04 12:18:10,897 - Velocimacro : adding VMs from VM library template : VM_global_library.vm
2019-02-04 12:18:10,898 - ResourceManager : unable to find resource 'VM_global_library.vm' in any resource loader.
2019-02-04 12:18:10,898 - Velocimacro : error using  VM library template VM_global_library.vm : org.apache.velocity.exception.ResourceNotFoundException: Unable to find resource 'VM_global_library.vm'
2019-02-04 12:18:10,899 - Velocimacro :  VM library template macro registration complete.
2019-02-04 12:18:10,899 - Velocimacro : allowInline = true : VMs can be defined inline in templates
2019-02-04 12:18:10,899 - Velocimacro : allowInlineToOverride = false : VMs defined inline may NOT replace previous VM definitions
2019-02-04 12:18:10,899 - Velocimacro : allowInlineLocal = false : VMs defined inline will be  global in scope if allowed.
2019-02-04 12:18:10,899 - Velocimacro : messages on  : VM system will output logging messages
2019-02-04 12:18:10,899 - Velocimacro : autoload off  : VM system will not automatically reload global library macros
2019-02-04 12:18:10,899 - Velocimacro : initialization complete.
2019-02-04 12:18:10,899 - Velocity successfully started.
2019-02-04 12:19:37,181 - SimpleLog4JLogSystem initialized using logfile 'velocity.log'
2019-02-04 12:19:37,181 - ************************************************************** 
2019-02-04 12:19:37,181 - Starting Jakarta Velocity v1.4
2019-02-04 12:19:37,181 - RuntimeInstance initializing.
2019-02-04 12:19:37,181 - Default Properties File: org/apache/velocity/runtime/defaults/velocity.properties
2019-02-04 12:19:37,181 - Trying to use logger class org.apache.velocity.runtime.log.SimpleLog4JLogSystem
2019-02-04 12:19:37,181 - Using logger class org.apache.velocity.runtime.log.SimpleLog4JLogSystem
2019-02-04 12:19:37,182 - Default ResourceManager initializing. (class org.apache.velocity.runtime.resource.ResourceManagerImpl)
2019-02-04 12:19:37,183 - Resource Loader Instantiated: org.apache.velocity.runtime.resource.loader.ClasspathResourceLoader
2019-02-04 12:19:37,183 - ClasspathResourceLoader : initialization starting.
2019-02-04 12:19:37,183 - ClasspathResourceLoader : initialization complete.
2019-02-04 12:19:37,184 - ResourceCache : initialized. (class org.apache.velocity.runtime.resource.ResourceCacheImpl)
2019-02-04 12:19:37,184 - Default ResourceManager initialization complete.
2019-02-04 12:19:37,184 - Loaded System Directive: org.apache.velocity.runtime.directive.Literal
2019-02-04 12:19:37,185 - Loaded System Directive: org.apache.velocity.runtime.directive.Macro
2019-02-04 12:19:37,186 - Loaded System Directive: org.apache.velocity.runtime.directive.Parse
2019-02-04 12:19:37,187 - Loaded System Directive: org.apache.velocity.runtime.directive.Include
2019-02-04 12:19:37,187 - Loaded System Directive: org.apache.velocity.runtime.directive.Foreach
2019-02-04 12:19:37,205 - Created: 20 parsers.
2019-02-04 12:19:37,208 - Velocimacro : initialization starting.
2019-02-04 12:19:37,208 - Velocimacro : adding VMs from VM library template : VM_global_library.vm
2019-02-04 12:19:37,218 - ResourceManager : unable to find resource 'VM_global_library.vm' in any resource loader.
2019-02-04 12:19:37,218 - Velocimacro : error using  VM library template VM_global_library.vm : org.apache.velocity.exception.ResourceNotFoundException: Unable to find resource 'VM_global_library.vm'
2019-02-04 12:19:37,218 - Velocimacro :  VM library template macro registration complete.
2019-02-04 12:19:37,218 - Velocimacro : allowInline = true : VMs can be defined inline in templates
2019-02-04 12:19:37,218 - Velocimacro : allowInlineToOverride = false : VMs defined inline may NOT replace previous VM definitions
2019-02-04 12:19:37,218 - Velocimacro : allowInlineLocal = false : VMs defined inline will be  global in scope if allowed.
2019-02-04 12:19:37,218 - Velocimacro : messages on  : VM system will output logging messages
2019-02-04 12:19:37,218 - Velocimacro : autoload off  : VM system will not automatically reload global library macros
2019-02-04 12:19:37,218 - Velocimacro : initialization complete.
2019-02-04 12:19:37,218 - Velocity successfully started.
2019-02-04 12:19:50,098 - SimpleLog4JLogSystem initialized using logfile 'velocity.log'
2019-02-04 12:19:50,098 - ************************************************************** 
2019-02-04 12:19:50,098 - Starting Jakarta Velocity v1.4
2019-02-04 12:19:50,098 - RuntimeInstance initializing.
2019-02-04 12:19:50,098 - Default Properties File: org/apache/velocity/runtime/defaults/velocity.properties
2019-02-04 12:19:50,098 - Trying to use logger class org.apache.velocity.runtime.log.SimpleLog4JLogSystem
2019-02-04 12:19:50,098 - Using logger class org.apache.velocity.runtime.log.SimpleLog4JLogSystem
2019-02-04 12:19:50,099 - Default ResourceManager initializing. (class org.apache.velocity.runtime.resource.ResourceManagerImpl)
2019-02-04 12:19:50,100 - Resource Loader Instantiated: org.apache.velocity.runtime.resource.loader.ClasspathResourceLoader
2019-02-04 12:19:50,100 - ClasspathResourceLoader : initialization starting.
2019-02-04 12:19:50,100 - ClasspathResourceLoader : initialization complete.
2019-02-04 12:19:50,101 - ResourceCache : initialized. (class org.apache.velocity.runtime.resource.ResourceCacheImpl)
2019-02-04 12:19:50,101 - Default ResourceManager initialization complete.
2019-02-04 12:19:50,102 - Loaded System Directive: org.apache.velocity.runtime.directive.Literal
2019-02-04 12:19:50,102 - Loaded System Directive: org.apache.velocity.runtime.directive.Macro
2019-02-04 12:19:50,103 - Loaded System Directive: org.apache.velocity.runtime.directive.Parse
2019-02-04 12:19:50,104 - Loaded System Directive: org.apache.velocity.runtime.directive.Include
2019-02-04 12:19:50,105 - Loaded System Directive: org.apache.velocity.runtime.directive.Foreach
2019-02-04 12:19:50,122 - Created: 20 parsers.
2019-02-04 12:19:50,124 - Velocimacro : initialization starting.
2019-02-04 12:19:50,124 - Velocimacro : adding VMs from VM library template : VM_global_library.vm
2019-02-04 12:19:50,134 - ResourceManager : unable to find resource 'VM_global_library.vm' in any resource loader.
2019-02-04 12:19:50,134 - Velocimacro : error using  VM library template VM_global_library.vm : org.apache.velocity.exception.ResourceNotFoundException: Unable to find resource 'VM_global_library.vm'
2019-02-04 12:19:50,134 - Velocimacro :  VM library template macro registration complete.
2019-02-04 12:19:50,134 - Velocimacro : allowInline = true : VMs can be defined inline in templates
2019-02-04 12:19:50,134 - Velocimacro : allowInlineToOverride = false : VMs defined inline may NOT replace previous VM definitions
2019-02-04 12:19:50,134 - Velocimacro : allowInlineLocal = false : VMs defined inline will be  global in scope if allowed.
2019-02-04 12:19:50,134 - Velocimacro : messages on  : VM system will output logging messages
2019-02-04 12:19:50,134 - Velocimacro : autoload off  : VM system will not automatically reload global library macros
2019-02-04 12:19:50,134 - Velocimacro : initialization complete.
2019-02-04 12:19:50,134 - Velocity successfully started.
2019-02-04 12:20:09,469 - SimpleLog4JLogSystem initialized using logfile 'velocity.log'
2019-02-04 12:20:09,469 - ************************************************************** 
2019-02-04 12:20:09,469 - Starting Jakarta Velocity v1.4
2019-02-04 12:20:09,469 - RuntimeInstance initializing.
2019-02-04 12:20:09,469 - Default Properties File: org/apache/velocity/runtime/defaults/velocity.properties
2019-02-04 12:20:09,469 - Trying to use logger class org.apache.velocity.runtime.log.SimpleLog4JLogSystem
2019-02-04 12:20:09,469 - Using logger class org.apache.velocity.runtime.log.SimpleLog4JLogSystem
2019-02-04 12:20:09,470 - Default ResourceManager initializing. (class org.apache.velocity.runtime.resource.ResourceManagerImpl)
2019-02-04 12:20:09,471 - Resource Loader Instantiated: org.apache.velocity.runtime.resource.loader.ClasspathResourceLoader
2019-02-04 12:20:09,471 - ClasspathResourceLoader : initialization starting.
2019-02-04 12:20:09,471 - ClasspathResourceLoader : initialization complete.
2019-02-04 12:20:09,472 - ResourceCache : initialized. (class org.apache.velocity.runtime.resource.ResourceCacheImpl)
2019-02-04 12:20:09,472 - Default ResourceManager initialization complete.
2019-02-04 12:20:09,473 - Loaded System Directive: org.apache.velocity.runtime.directive.Literal
2019-02-04 12:20:09,473 - Loaded System Directive: org.apache.velocity.runtime.directive.Macro
2019-02-04 12:20:09,474 - Loaded System Directive: org.apache.velocity.runtime.directive.Parse
2019-02-04 12:20:09,476 - Loaded System Directive: org.apache.velocity.runtime.directive.Include
2019-02-04 12:20:09,476 - Loaded System Directive: org.apache.velocity.runtime.directive.Foreach
2019-02-04 12:20:09,491 - Created: 20 parsers.
2019-02-04 12:20:09,493 - Velocimacro : initialization starting.
2019-02-04 12:20:09,493 - Velocimacro : adding VMs from VM library template : VM_global_library.vm
2019-02-04 12:20:09,502 - ResourceManager : unable to find resource 'VM_global_library.vm' in any resource loader.
2019-02-04 12:20:09,502 - Velocimacro : error using  VM library template VM_global_library.vm : org.apache.velocity.exception.ResourceNotFoundException: Unable to find resource 'VM_global_library.vm'
2019-02-04 12:20:09,502 - Velocimacro :  VM library template macro registration complete.
2019-02-04 12:20:09,502 - Velocimacro : allowInline = true : VMs can be defined inline in templates
2019-02-04 12:20:09,502 - Velocimacro : allowInlineToOverride = false : VMs defined inline may NOT replace previous VM definitions
2019-02-04 12:20:09,502 - Velocimacro : allowInlineLocal = false : VMs defined inline will be  global in scope if allowed.
2019-02-04 12:20:09,502 - Velocimacro : messages on  : VM system will output logging messages
2019-02-04 12:20:09,502 - Velocimacro : autoload off  : VM system will not automatically reload global library macros
2019-02-04 12:20:09,502 - Velocimacro : initialization complete.
2019-02-04 12:20:09,502 - Velocity successfully started.
2019-02-04 12:31:50,621 - ResourceManager : found repast/simphony/scenario/Scenario.vt with loader org.apache.velocity.runtime.resource.loader.ClasspathResourceLoader
2019-02-05 12:47:58,444 - SimpleLog4JLogSystem initialized using logfile 'velocity.log'
2019-02-05 12:47:58,444 - ************************************************************** 
2019-02-05 12:47:58,444 - Starting Jakarta Velocity v1.4
2019-02-05 12:47:58,444 - RuntimeInstance initializing.
2019-02-05 12:47:58,444 - Default Properties File: org/apache/velocity/runtime/defaults/velocity.properties
2019-02-05 12:47:58,444 - Trying to use logger class org.apache.velocity.runtime.log.SimpleLog4JLogSystem
2019-02-05 12:47:58,445 - Using logger class org.apache.velocity.runtime.log.SimpleLog4JLogSystem
2019-02-05 12:47:58,446 - Default ResourceManager initializing. (class org.apache.velocity.runtime.resource.ResourceManagerImpl)
2019-02-05 12:47:58,446 - Resource Loader Instantiated: org.apache.velocity.runtime.resource.loader.ClasspathResourceLoader
2019-02-05 12:47:58,447 - ClasspathResourceLoader : initialization starting.
2019-02-05 12:47:58,447 - ClasspathResourceLoader : initialization complete.
2019-02-05 12:47:58,447 - ResourceCache : initialized. (class org.apache.velocity.runtime.resource.ResourceCacheImpl)
2019-02-05 12:47:58,447 - Default ResourceManager initialization complete.
2019-02-05 12:47:58,448 - Loaded System Directive: org.apache.velocity.runtime.directive.Literal
2019-02-05 12:47:58,448 - Loaded System Directive: org.apache.velocity.runtime.directive.Macro
2019-02-05 12:47:58,449 - Loaded System Directive: org.apache.velocity.runtime.directive.Parse
2019-02-05 12:47:58,449 - Loaded System Directive: org.apache.velocity.runtime.directive.Include
2019-02-05 12:47:58,450 - Loaded System Directive: org.apache.velocity.runtime.directive.Foreach
2019-02-05 12:47:58,464 - Created: 20 parsers.
2019-02-05 12:47:58,466 - Velocimacro : initialization starting.
2019-02-05 12:47:58,466 - Velocimacro : adding VMs from VM library template : VM_global_library.vm
2019-02-05 12:47:58,467 - ResourceManager : unable to find resource 'VM_global_library.vm' in any resource loader.
2019-02-05 12:47:58,467 - Velocimacro : error using  VM library template VM_global_library.vm : org.apache.velocity.exception.ResourceNotFoundException: Unable to find resource 'VM_global_library.vm'
2019-02-05 12:47:58,467 - Velocimacro :  VM library template macro registration complete.
2019-02-05 12:47:58,467 - Velocimacro : allowInline = true : VMs can be defined inline in templates
2019-02-05 12:47:58,467 - Velocimacro : allowInlineToOverride = false : VMs defined inline may NOT replace previous VM definitions
2019-02-05 12:47:58,467 - Velocimacro : allowInlineLocal = false : VMs defined inline will be  global in scope if allowed.
2019-02-05 12:47:58,467 - Velocimacro : messages on  : VM system will output logging messages
2019-02-05 12:47:58,467 - Velocimacro : autoload off  : VM system will not automatically reload global library macros
2019-02-05 12:47:58,467 - Velocimacro : initialization complete.
2019-02-05 12:47:58,467 - Velocity successfully started.
2019-02-05 13:30:51,702 - SimpleLog4JLogSystem initialized using logfile 'velocity.log'
2019-02-05 13:30:51,703 - ************************************************************** 
2019-02-05 13:30:51,703 - Starting Jakarta Velocity v1.4
2019-02-05 13:30:51,703 - RuntimeInstance initializing.
2019-02-05 13:30:51,703 - Default Properties File: org/apache/velocity/runtime/defaults/velocity.properties
2019-02-05 13:30:51,703 - Trying to use logger class org.apache.velocity.runtime.log.SimpleLog4JLogSystem
2019-02-05 13:30:51,703 - Using logger class org.apache.velocity.runtime.log.SimpleLog4JLogSystem
2019-02-05 13:30:51,704 - Default ResourceManager initializing. (class org.apache.velocity.runtime.resource.ResourceManagerImpl)
2019-02-05 13:30:51,705 - Resource Loader Instantiated: org.apache.velocity.runtime.resource.loader.ClasspathResourceLoader
2019-02-05 13:30:51,705 - ClasspathResourceLoader : initialization starting.
2019-02-05 13:30:51,705 - ClasspathResourceLoader : initialization complete.
2019-02-05 13:30:51,706 - ResourceCache : initialized. (class org.apache.velocity.runtime.resource.ResourceCacheImpl)
2019-02-05 13:30:51,706 - Default ResourceManager initialization complete.
2019-02-05 13:30:51,707 - Loaded System Directive: org.apache.velocity.runtime.directive.Literal
2019-02-05 13:30:51,708 - Loaded System Directive: org.apache.velocity.runtime.directive.Macro
2019-02-05 13:30:51,709 - Loaded System Directive: org.apache.velocity.runtime.directive.Parse
2019-02-05 13:30:51,709 - Loaded System Directive: org.apache.velocity.runtime.directive.Include
2019-02-05 13:30:51,710 - Loaded System Directive: org.apache.velocity.runtime.directive.Foreach
2019-02-05 13:30:51,728 - Created: 20 parsers.
2019-02-05 13:30:51,730 - Velocimacro : initialization starting.
2019-02-05 13:30:51,730 - Velocimacro : adding VMs from VM library template : VM_global_library.vm
2019-02-05 13:30:51,745 - ResourceManager : unable to find resource 'VM_global_library.vm' in any resource loader.
2019-02-05 13:30:51,745 - Velocimacro : error using  VM library template VM_global_library.vm : org.apache.velocity.exception.ResourceNotFoundException: Unable to find resource 'VM_global_library.vm'
2019-02-05 13:30:51,745 - Velocimacro :  VM library template macro registration complete.
2019-02-05 13:30:51,745 - Velocimacro : allowInline = true : VMs can be defined inline in templates
2019-02-05 13:30:51,745 - Velocimacro : allowInlineToOverride = false : VMs defined inline may NOT replace previous VM definitions
2019-02-05 13:30:51,745 - Velocimacro : allowInlineLocal = false : VMs defined inline will be  global in scope if allowed.
2019-02-05 13:30:51,745 - Velocimacro : messages on  : VM system will output logging messages
2019-02-05 13:30:51,745 - Velocimacro : autoload off  : VM system will not automatically reload global library macros
2019-02-05 13:30:51,745 - Velocimacro : initialization complete.
2019-02-05 13:30:51,745 - Velocity successfully started.
2019-02-05 13:39:24,142 - SimpleLog4JLogSystem initialized using logfile 'velocity.log'
2019-02-05 13:39:24,142 - ************************************************************** 
2019-02-05 13:39:24,143 - Starting Jakarta Velocity v1.4
2019-02-05 13:39:24,143 - RuntimeInstance initializing.
2019-02-05 13:39:24,143 - Default Properties File: org/apache/velocity/runtime/defaults/velocity.properties
2019-02-05 13:39:24,143 - Trying to use logger class org.apache.velocity.runtime.log.SimpleLog4JLogSystem
2019-02-05 13:39:24,143 - Using logger class org.apache.velocity.runtime.log.SimpleLog4JLogSystem
2019-02-05 13:39:24,144 - Default ResourceManager initializing. (class org.apache.velocity.runtime.resource.ResourceManagerImpl)
2019-02-05 13:39:24,145 - Resource Loader Instantiated: org.apache.velocity.runtime.resource.loader.ClasspathResourceLoader
2019-02-05 13:39:24,145 - ClasspathResourceLoader : initialization starting.
2019-02-05 13:39:24,145 - ClasspathResourceLoader : initialization complete.
2019-02-05 13:39:24,146 - ResourceCache : initialized. (class org.apache.velocity.runtime.resource.ResourceCacheImpl)
2019-02-05 13:39:24,146 - Default ResourceManager initialization complete.
2019-02-05 13:39:24,146 - Loaded System Directive: org.apache.velocity.runtime.directive.Literal
2019-02-05 13:39:24,147 - Loaded System Directive: org.apache.velocity.runtime.directive.Macro
2019-02-05 13:39:24,148 - Loaded System Directive: org.apache.velocity.runtime.directive.Parse
2019-02-05 13:39:24,148 - Loaded System Directive: org.apache.velocity.runtime.directive.Include
2019-02-05 13:39:24,149 - Loaded System Directive: org.apache.velocity.runtime.directive.Foreach
2019-02-05 13:39:24,168 - Created: 20 parsers.
2019-02-05 13:39:24,170 - Velocimacro : initialization starting.
2019-02-05 13:39:24,171 - Velocimacro : adding VMs from VM library template : VM_global_library.vm
2019-02-05 13:39:24,185 - ResourceManager : unable to find resource 'VM_global_library.vm' in any resource loader.
2019-02-05 13:39:24,185 - Velocimacro : error using  VM library template VM_global_library.vm : org.apache.velocity.exception.ResourceNotFoundException: Unable to find resource 'VM_global_library.vm'
2019-02-05 13:39:24,185 - Velocimacro :  VM library template macro registration complete.
2019-02-05 13:39:24,185 - Velocimacro : allowInline = true : VMs can be defined inline in templates
2019-02-05 13:39:24,185 - Velocimacro : allowInlineToOverride = false : VMs defined inline may NOT replace previous VM definitions
2019-02-05 13:39:24,185 - Velocimacro : allowInlineLocal = false : VMs defined inline will be  global in scope if allowed.
2019-02-05 13:39:24,186 - Velocimacro : messages on  : VM system will output logging messages
2019-02-05 13:39:24,186 - Velocimacro : autoload off  : VM system will not automatically reload global library macros
2019-02-05 13:39:24,186 - Velocimacro : initialization complete.
2019-02-05 13:39:24,186 - Velocity successfully started.
2019-02-11 16:03:20,739 - SimpleLog4JLogSystem initialized using logfile 'velocity.log'
2019-02-11 16:03:20,739 - ************************************************************** 
2019-02-11 16:03:20,739 - Starting Jakarta Velocity v1.4
2019-02-11 16:03:20,739 - RuntimeInstance initializing.
2019-02-11 16:03:20,739 - Default Properties File: org/apache/velocity/runtime/defaults/velocity.properties
2019-02-11 16:03:20,739 - Trying to use logger class org.apache.velocity.runtime.log.SimpleLog4JLogSystem
2019-02-11 16:03:20,739 - Using logger class org.apache.velocity.runtime.log.SimpleLog4JLogSystem
2019-02-11 16:03:20,740 - Default ResourceManager initializing. (class org.apache.velocity.runtime.resource.ResourceManagerImpl)
2019-02-11 16:03:20,741 - Resource Loader Instantiated: org.apache.velocity.runtime.resource.loader.ClasspathResourceLoader
2019-02-11 16:03:20,741 - ClasspathResourceLoader : initialization starting.
2019-02-11 16:03:20,741 - ClasspathResourceLoader : initialization complete.
2019-02-11 16:03:20,742 - ResourceCache : initialized. (class org.apache.velocity.runtime.resource.ResourceCacheImpl)
2019-02-11 16:03:20,742 - Default ResourceManager initialization complete.
2019-02-11 16:03:20,742 - Loaded System Directive: org.apache.velocity.runtime.directive.Literal
2019-02-11 16:03:20,743 - Loaded System Directive: org.apache.velocity.runtime.directive.Macro
2019-02-11 16:03:20,743 - Loaded System Directive: org.apache.velocity.runtime.directive.Parse
2019-02-11 16:03:20,744 - Loaded System Directive: org.apache.velocity.runtime.directive.Include
2019-02-11 16:03:20,744 - Loaded System Directive: org.apache.velocity.runtime.directive.Foreach
2019-02-11 16:03:20,758 - Created: 20 parsers.
2019-02-11 16:03:20,759 - Velocimacro : initialization starting.
2019-02-11 16:03:20,760 - Velocimacro : adding VMs from VM library template : VM_global_library.vm
2019-02-11 16:03:20,761 - ResourceManager : unable to find resource 'VM_global_library.vm' in any resource loader.
2019-02-11 16:03:20,761 - Velocimacro : error using  VM library template VM_global_library.vm : org.apache.velocity.exception.ResourceNotFoundException: Unable to find resource 'VM_global_library.vm'
2019-02-11 16:03:20,761 - Velocimacro :  VM library template macro registration complete.
2019-02-11 16:03:20,761 - Velocimacro : allowInline = true : VMs can be defined inline in templates
2019-02-11 16:03:20,761 - Velocimacro : allowInlineToOverride = false : VMs defined inline may NOT replace previous VM definitions
2019-02-11 16:03:20,761 - Velocimacro : allowInlineLocal = false : VMs defined inline will be  global in scope if allowed.
2019-02-11 16:03:20,761 - Velocimacro : messages on  : VM system will output logging messages
2019-02-11 16:03:20,761 - Velocimacro : autoload off  : VM system will not automatically reload global library macros
2019-02-11 16:03:20,761 - Velocimacro : initialization complete.
2019-02-11 16:03:20,761 - Velocity successfully started.
2019-02-11 16:50:00,522 - SimpleLog4JLogSystem initialized using logfile 'velocity.log'
2019-02-11 16:50:00,522 - ************************************************************** 
2019-02-11 16:50:00,522 - Starting Jakarta Velocity v1.4
2019-02-11 16:50:00,522 - RuntimeInstance initializing.
2019-02-11 16:50:00,522 - Default Properties File: org/apache/velocity/runtime/defaults/velocity.properties
2019-02-11 16:50:00,522 - Trying to use logger class org.apache.velocity.runtime.log.SimpleLog4JLogSystem
2019-02-11 16:50:00,522 - Using logger class org.apache.velocity.runtime.log.SimpleLog4JLogSystem
2019-02-11 16:50:00,523 - Default ResourceManager initializing. (class org.apache.velocity.runtime.resource.ResourceManagerImpl)
2019-02-11 16:50:00,524 - Resource Loader Instantiated: org.apache.velocity.runtime.resource.loader.ClasspathResourceLoader
2019-02-11 16:50:00,524 - ClasspathResourceLoader : initialization starting.
2019-02-11 16:50:00,524 - ClasspathResourceLoader : initialization complete.
2019-02-11 16:50:00,525 - ResourceCache : initialized. (class org.apache.velocity.runtime.resource.ResourceCacheImpl)
2019-02-11 16:50:00,525 - Default ResourceManager initialization complete.
2019-02-11 16:50:00,525 - Loaded System Directive: org.apache.velocity.runtime.directive.Literal
2019-02-11 16:50:00,526 - Loaded System Directive: org.apache.velocity.runtime.directive.Macro
2019-02-11 16:50:00,527 - Loaded System Directive: org.apache.velocity.runtime.directive.Parse
2019-02-11 16:50:00,527 - Loaded System Directive: org.apache.velocity.runtime.directive.Include
2019-02-11 16:50:00,528 - Loaded System Directive: org.apache.velocity.runtime.directive.Foreach
2019-02-11 16:50:00,543 - Created: 20 parsers.
2019-02-11 16:50:00,545 - Velocimacro : initialization starting.
2019-02-11 16:50:00,545 - Velocimacro : adding VMs from VM library template : VM_global_library.vm
2019-02-11 16:50:00,555 - ResourceManager : unable to find resource 'VM_global_library.vm' in any resource loader.
2019-02-11 16:50:00,555 - Velocimacro : error using  VM library template VM_global_library.vm : org.apache.velocity.exception.ResourceNotFoundException: Unable to find resource 'VM_global_library.vm'
2019-02-11 16:50:00,555 - Velocimacro :  VM library template macro registration complete.
2019-02-11 16:50:00,555 - Velocimacro : allowInline = true : VMs can be defined inline in templates
2019-02-11 16:50:00,555 - Velocimacro : allowInlineToOverride = false : VMs defined inline may NOT replace previous VM definitions
2019-02-11 16:50:00,555 - Velocimacro : allowInlineLocal = false : VMs defined inline will be  global in scope if allowed.
2019-02-11 16:50:00,555 - Velocimacro : messages on  : VM system will output logging messages
2019-02-11 16:50:00,555 - Velocimacro : autoload off  : VM system will not automatically reload global library macros
2019-02-11 16:50:00,555 - Velocimacro : initialization complete.
2019-02-11 16:50:00,555 - Velocity successfully started.
2019-02-11 18:07:08,771 - SimpleLog4JLogSystem initialized using logfile 'velocity.log'
2019-02-11 18:07:08,772 - ************************************************************** 
2019-02-11 18:07:08,772 - Starting Jakarta Velocity v1.4
2019-02-11 18:07:08,772 - RuntimeInstance initializing.
2019-02-11 18:07:08,772 - Default Properties File: org/apache/velocity/runtime/defaults/velocity.properties
2019-02-11 18:07:08,772 - Trying to use logger class org.apache.velocity.runtime.log.SimpleLog4JLogSystem
2019-02-11 18:07:08,772 - Using logger class org.apache.velocity.runtime.log.SimpleLog4JLogSystem
2019-02-11 18:07:08,773 - Default ResourceManager initializing. (class org.apache.velocity.runtime.resource.ResourceManagerImpl)
2019-02-11 18:07:08,774 - Resource Loader Instantiated: org.apache.velocity.runtime.resource.loader.ClasspathResourceLoader
2019-02-11 18:07:08,774 - ClasspathResourceLoader : initialization starting.
2019-02-11 18:07:08,774 - ClasspathResourceLoader : initialization complete.
2019-02-11 18:07:08,775 - ResourceCache : initialized. (class org.apache.velocity.runtime.resource.ResourceCacheImpl)
2019-02-11 18:07:08,775 - Default ResourceManager initialization complete.
2019-02-11 18:07:08,775 - Loaded System Directive: org.apache.velocity.runtime.directive.Literal
2019-02-11 18:07:08,776 - Loaded System Directive: org.apache.velocity.runtime.directive.Macro
2019-02-11 18:07:08,777 - Loaded System Directive: org.apache.velocity.runtime.directive.Parse
2019-02-11 18:07:08,777 - Loaded System Directive: org.apache.velocity.runtime.directive.Include
2019-02-11 18:07:08,777 - Loaded System Directive: org.apache.velocity.runtime.directive.Foreach
2019-02-11 18:07:08,792 - Created: 20 parsers.
2019-02-11 18:07:08,794 - Velocimacro : initialization starting.
2019-02-11 18:07:08,794 - Velocimacro : adding VMs from VM library template : VM_global_library.vm
2019-02-11 18:07:08,795 - ResourceManager : unable to find resource 'VM_global_library.vm' in any resource loader.
2019-02-11 18:07:08,795 - Velocimacro : error using  VM library template VM_global_library.vm : org.apache.velocity.exception.ResourceNotFoundException: Unable to find resource 'VM_global_library.vm'
2019-02-11 18:07:08,795 - Velocimacro :  VM library template macro registration complete.
2019-02-11 18:07:08,795 - Velocimacro : allowInline = true : VMs can be defined inline in templates
2019-02-11 18:07:08,796 - Velocimacro : allowInlineToOverride = false : VMs defined inline may NOT replace previous VM definitions
2019-02-11 18:07:08,796 - Velocimacro : allowInlineLocal = false : VMs defined inline will be  global in scope if allowed.
2019-02-11 18:07:08,796 - Velocimacro : messages on  : VM system will output logging messages
2019-02-11 18:07:08,796 - Velocimacro : autoload off  : VM system will not automatically reload global library macros
2019-02-11 18:07:08,796 - Velocimacro : initialization complete.
2019-02-11 18:07:08,796 - Velocity successfully started.
2019-02-11 19:39:41,565 - SimpleLog4JLogSystem initialized using logfile 'velocity.log'
2019-02-11 19:39:41,566 - ************************************************************** 
2019-02-11 19:39:41,566 - Starting Jakarta Velocity v1.4
2019-02-11 19:39:41,566 - RuntimeInstance initializing.
2019-02-11 19:39:41,566 - Default Properties File: org/apache/velocity/runtime/defaults/velocity.properties
2019-02-11 19:39:41,566 - Trying to use logger class org.apache.velocity.runtime.log.SimpleLog4JLogSystem
2019-02-11 19:39:41,566 - Using logger class org.apache.velocity.runtime.log.SimpleLog4JLogSystem
2019-02-11 19:39:41,567 - Default ResourceManager initializing. (class org.apache.velocity.runtime.resource.ResourceManagerImpl)
2019-02-11 19:39:41,568 - Resource Loader Instantiated: org.apache.velocity.runtime.resource.loader.ClasspathResourceLoader
2019-02-11 19:39:41,568 - ClasspathResourceLoader : initialization starting.
2019-02-11 19:39:41,568 - ClasspathResourceLoader : initialization complete.
2019-02-11 19:39:41,568 - ResourceCache : initialized. (class org.apache.velocity.runtime.resource.ResourceCacheImpl)
2019-02-11 19:39:41,568 - Default ResourceManager initialization complete.
2019-02-11 19:39:41,569 - Loaded System Directive: org.apache.velocity.runtime.directive.Literal
2019-02-11 19:39:41,569 - Loaded System Directive: org.apache.velocity.runtime.directive.Macro
2019-02-11 19:39:41,570 - Loaded System Directive: org.apache.velocity.runtime.directive.Parse
2019-02-11 19:39:41,571 - Loaded System Directive: org.apache.velocity.runtime.directive.Include
2019-02-11 19:39:41,571 - Loaded System Directive: org.apache.velocity.runtime.directive.Foreach
2019-02-11 19:39:41,585 - Created: 20 parsers.
2019-02-11 19:39:41,587 - Velocimacro : initialization starting.
2019-02-11 19:39:41,587 - Velocimacro : adding VMs from VM library template : VM_global_library.vm
2019-02-11 19:39:41,588 - ResourceManager : unable to find resource 'VM_global_library.vm' in any resource loader.
2019-02-11 19:39:41,588 - Velocimacro : error using  VM library template VM_global_library.vm : org.apache.velocity.exception.ResourceNotFoundException: Unable to find resource 'VM_global_library.vm'
2019-02-11 19:39:41,588 - Velocimacro :  VM library template macro registration complete.
2019-02-11 19:39:41,588 - Velocimacro : allowInline = true : VMs can be defined inline in templates
2019-02-11 19:39:41,588 - Velocimacro : allowInlineToOverride = false : VMs defined inline may NOT replace previous VM definitions
2019-02-11 19:39:41,588 - Velocimacro : allowInlineLocal = false : VMs defined inline will be  global in scope if allowed.
2019-02-11 19:39:41,588 - Velocimacro : messages on  : VM system will output logging messages
2019-02-11 19:39:41,588 - Velocimacro : autoload off  : VM system will not automatically reload global library macros
2019-02-11 19:39:41,589 - Velocimacro : initialization complete.
2019-02-11 19:39:41,589 - Velocity successfully started.
2019-02-18 16:43:10,692 - SimpleLog4JLogSystem initialized using logfile 'velocity.log'
2019-02-18 16:43:10,693 - ************************************************************** 
2019-02-18 16:43:10,693 - Starting Jakarta Velocity v1.4
2019-02-18 16:43:10,693 - RuntimeInstance initializing.
2019-02-18 16:43:10,693 - Default Properties File: org/apache/velocity/runtime/defaults/velocity.properties
2019-02-18 16:43:10,693 - Trying to use logger class org.apache.velocity.runtime.log.SimpleLog4JLogSystem
2019-02-18 16:43:10,693 - Using logger class org.apache.velocity.runtime.log.SimpleLog4JLogSystem
2019-02-18 16:43:10,694 - Default ResourceManager initializing. (class org.apache.velocity.runtime.resource.ResourceManagerImpl)
2019-02-18 16:43:10,695 - Resource Loader Instantiated: org.apache.velocity.runtime.resource.loader.ClasspathResourceLoader
2019-02-18 16:43:10,695 - ClasspathResourceLoader : initialization starting.
2019-02-18 16:43:10,695 - ClasspathResourceLoader : initialization complete.
2019-02-18 16:43:10,696 - ResourceCache : initialized. (class org.apache.velocity.runtime.resource.ResourceCacheImpl)
2019-02-18 16:43:10,696 - Default ResourceManager initialization complete.
2019-02-18 16:43:10,696 - Loaded System Directive: org.apache.velocity.runtime.directive.Literal
2019-02-18 16:43:10,697 - Loaded System Directive: org.apache.velocity.runtime.directive.Macro
2019-02-18 16:43:10,698 - Loaded System Directive: org.apache.velocity.runtime.directive.Parse
2019-02-18 16:43:10,700 - Loaded System Directive: org.apache.velocity.runtime.directive.Include
2019-02-18 16:43:10,701 - Loaded System Directive: org.apache.velocity.runtime.directive.Foreach
2019-02-18 16:43:10,716 - Created: 20 parsers.
2019-02-18 16:43:10,717 - Velocimacro : initialization starting.
2019-02-18 16:43:10,717 - Velocimacro : adding VMs from VM library template : VM_global_library.vm
2019-02-18 16:43:10,718 - ResourceManager : unable to find resource 'VM_global_library.vm' in any resource loader.
2019-02-18 16:43:10,718 - Velocimacro : error using  VM library template VM_global_library.vm : org.apache.velocity.exception.ResourceNotFoundException: Unable to find resource 'VM_global_library.vm'
2019-02-18 16:43:10,718 - Velocimacro :  VM library template macro registration complete.
2019-02-18 16:43:10,719 - Velocimacro : allowInline = true : VMs can be defined inline in templates
2019-02-18 16:43:10,719 - Velocimacro : allowInlineToOverride = false : VMs defined inline may NOT replace previous VM definitions
2019-02-18 16:43:10,719 - Velocimacro : allowInlineLocal = false : VMs defined inline will be  global in scope if allowed.
2019-02-18 16:43:10,719 - Velocimacro : messages on  : VM system will output logging messages
2019-02-18 16:43:10,719 - Velocimacro : autoload off  : VM system will not automatically reload global library macros
2019-02-18 16:43:10,719 - Velocimacro : initialization complete.
2019-02-18 16:43:10,719 - Velocity successfully started.
2019-02-18 16:43:57,042 - SimpleLog4JLogSystem initialized using logfile 'velocity.log'
2019-02-18 16:43:57,043 - ************************************************************** 
2019-02-18 16:43:57,043 - Starting Jakarta Velocity v1.4
2019-02-18 16:43:57,043 - RuntimeInstance initializing.
2019-02-18 16:43:57,043 - Default Properties File: org/apache/velocity/runtime/defaults/velocity.properties
2019-02-18 16:43:57,043 - Trying to use logger class org.apache.velocity.runtime.log.SimpleLog4JLogSystem
2019-02-18 16:43:57,043 - Using logger class org.apache.velocity.runtime.log.SimpleLog4JLogSystem
2019-02-18 16:43:57,044 - Default ResourceManager initializing. (class org.apache.velocity.runtime.resource.ResourceManagerImpl)
2019-02-18 16:43:57,045 - Resource Loader Instantiated: org.apache.velocity.runtime.resource.loader.ClasspathResourceLoader
2019-02-18 16:43:57,045 - ClasspathResourceLoader : initialization starting.
2019-02-18 16:43:57,045 - ClasspathResourceLoader : initialization complete.
2019-02-18 16:43:57,045 - ResourceCache : initialized. (class org.apache.velocity.runtime.resource.ResourceCacheImpl)
2019-02-18 16:43:57,045 - Default ResourceManager initialization complete.
2019-02-18 16:43:57,046 - Loaded System Directive: org.apache.velocity.runtime.directive.Literal
2019-02-18 16:43:57,046 - Loaded System Directive: org.apache.velocity.runtime.directive.Macro
2019-02-18 16:43:57,047 - Loaded System Directive: org.apache.velocity.runtime.directive.Parse
2019-02-18 16:43:57,048 - Loaded System Directive: org.apache.velocity.runtime.directive.Include
2019-02-18 16:43:57,049 - Loaded System Directive: org.apache.velocity.runtime.directive.Foreach
2019-02-18 16:43:57,070 - Created: 20 parsers.
2019-02-18 16:43:57,072 - Velocimacro : initialization starting.
2019-02-18 16:43:57,072 - Velocimacro : adding VMs from VM library template : VM_global_library.vm
2019-02-18 16:43:57,073 - ResourceManager : unable to find resource 'VM_global_library.vm' in any resource loader.
2019-02-18 16:43:57,073 - Velocimacro : error using  VM library template VM_global_library.vm : org.apache.velocity.exception.ResourceNotFoundException: Unable to find resource 'VM_global_library.vm'
2019-02-18 16:43:57,074 - Velocimacro :  VM library template macro registration complete.
2019-02-18 16:43:57,074 - Velocimacro : allowInline = true : VMs can be defined inline in templates
2019-02-18 16:43:57,074 - Velocimacro : allowInlineToOverride = false : VMs defined inline may NOT replace previous VM definitions
2019-02-18 16:43:57,074 - Velocimacro : allowInlineLocal = false : VMs defined inline will be  global in scope if allowed.
2019-02-18 16:43:57,074 - Velocimacro : messages on  : VM system will output logging messages
2019-02-18 16:43:57,074 - Velocimacro : autoload off  : VM system will not automatically reload global library macros
2019-02-18 16:43:57,074 - Velocimacro : initialization complete.
2019-02-18 16:43:57,074 - Velocity successfully started.
2019-02-18 16:45:41,619 - ResourceManager : found repast/simphony/scenario/Scenario.vt with loader org.apache.velocity.runtime.resource.loader.ClasspathResourceLoader
2019-02-18 16:46:25,200 - SimpleLog4JLogSystem initialized using logfile 'velocity.log'
2019-02-18 16:46:25,201 - ************************************************************** 
2019-02-18 16:46:25,201 - Starting Jakarta Velocity v1.4
2019-02-18 16:46:25,201 - RuntimeInstance initializing.
2019-02-18 16:46:25,201 - Default Properties File: org/apache/velocity/runtime/defaults/velocity.properties
2019-02-18 16:46:25,201 - Trying to use logger class org.apache.velocity.runtime.log.SimpleLog4JLogSystem
2019-02-18 16:46:25,201 - Using logger class org.apache.velocity.runtime.log.SimpleLog4JLogSystem
2019-02-18 16:46:25,202 - Default ResourceManager initializing. (class org.apache.velocity.runtime.resource.ResourceManagerImpl)
2019-02-18 16:46:25,203 - Resource Loader Instantiated: org.apache.velocity.runtime.resource.loader.ClasspathResourceLoader
2019-02-18 16:46:25,203 - ClasspathResourceLoader : initialization starting.
2019-02-18 16:46:25,203 - ClasspathResourceLoader : initialization complete.
2019-02-18 16:46:25,204 - ResourceCache : initialized. (class org.apache.velocity.runtime.resource.ResourceCacheImpl)
2019-02-18 16:46:25,204 - Default ResourceManager initialization complete.
2019-02-18 16:46:25,204 - Loaded System Directive: org.apache.velocity.runtime.directive.Literal
2019-02-18 16:46:25,205 - Loaded System Directive: org.apache.velocity.runtime.directive.Macro
2019-02-18 16:46:25,206 - Loaded System Directive: org.apache.velocity.runtime.directive.Parse
2019-02-18 16:46:25,206 - Loaded System Directive: org.apache.velocity.runtime.directive.Include
2019-02-18 16:46:25,207 - Loaded System Directive: org.apache.velocity.runtime.directive.Foreach
2019-02-18 16:46:25,223 - Created: 20 parsers.
2019-02-18 16:46:25,225 - Velocimacro : initialization starting.
2019-02-18 16:46:25,225 - Velocimacro : adding VMs from VM library template : VM_global_library.vm
2019-02-18 16:46:25,233 - ResourceManager : unable to find resource 'VM_global_library.vm' in any resource loader.
2019-02-18 16:46:25,233 - Velocimacro : error using  VM library template VM_global_library.vm : org.apache.velocity.exception.ResourceNotFoundException: Unable to find resource 'VM_global_library.vm'
2019-02-18 16:46:25,233 - Velocimacro :  VM library template macro registration complete.
2019-02-18 16:46:25,233 - Velocimacro : allowInline = true : VMs can be defined inline in templates
2019-02-18 16:46:25,233 - Velocimacro : allowInlineToOverride = false : VMs defined inline may NOT replace previous VM definitions
2019-02-18 16:46:25,233 - Velocimacro : allowInlineLocal = false : VMs defined inline will be  global in scope if allowed.
2019-02-18 16:46:25,233 - Velocimacro : messages on  : VM system will output logging messages
2019-02-18 16:46:25,233 - Velocimacro : autoload off  : VM system will not automatically reload global library macros
2019-02-18 16:46:25,233 - Velocimacro : initialization complete.
2019-02-18 16:46:25,233 - Velocity successfully started.
2019-02-18 16:47:55,275 - SimpleLog4JLogSystem initialized using logfile 'velocity.log'
2019-02-18 16:47:55,276 - ************************************************************** 
2019-02-18 16:47:55,276 - Starting Jakarta Velocity v1.4
2019-02-18 16:47:55,276 - RuntimeInstance initializing.
2019-02-18 16:47:55,276 - Default Properties File: org/apache/velocity/runtime/defaults/velocity.properties
2019-02-18 16:47:55,276 - Trying to use logger class org.apache.velocity.runtime.log.SimpleLog4JLogSystem
2019-02-18 16:47:55,276 - Using logger class org.apache.velocity.runtime.log.SimpleLog4JLogSystem
2019-02-18 16:47:55,277 - Default ResourceManager initializing. (class org.apache.velocity.runtime.resource.ResourceManagerImpl)
2019-02-18 16:47:55,277 - Resource Loader Instantiated: org.apache.velocity.runtime.resource.loader.ClasspathResourceLoader
2019-02-18 16:47:55,278 - ClasspathResourceLoader : initialization starting.
2019-02-18 16:47:55,278 - ClasspathResourceLoader : initialization complete.
2019-02-18 16:47:55,278 - ResourceCache : initialized. (class org.apache.velocity.runtime.resource.ResourceCacheImpl)
2019-02-18 16:47:55,278 - Default ResourceManager initialization complete.
2019-02-18 16:47:55,279 - Loaded System Directive: org.apache.velocity.runtime.directive.Literal
2019-02-18 16:47:55,279 - Loaded System Directive: org.apache.velocity.runtime.directive.Macro
2019-02-18 16:47:55,280 - Loaded System Directive: org.apache.velocity.runtime.directive.Parse
2019-02-18 16:47:55,281 - Loaded System Directive: org.apache.velocity.runtime.directive.Include
2019-02-18 16:47:55,281 - Loaded System Directive: org.apache.velocity.runtime.directive.Foreach
2019-02-18 16:47:55,296 - Created: 20 parsers.
2019-02-18 16:47:55,298 - Velocimacro : initialization starting.
2019-02-18 16:47:55,298 - Velocimacro : adding VMs from VM library template : VM_global_library.vm
2019-02-18 16:47:55,306 - ResourceManager : unable to find resource 'VM_global_library.vm' in any resource loader.
2019-02-18 16:47:55,306 - Velocimacro : error using  VM library template VM_global_library.vm : org.apache.velocity.exception.ResourceNotFoundException: Unable to find resource 'VM_global_library.vm'
2019-02-18 16:47:55,306 - Velocimacro :  VM library template macro registration complete.
2019-02-18 16:47:55,306 - Velocimacro : allowInline = true : VMs can be defined inline in templates
2019-02-18 16:47:55,306 - Velocimacro : allowInlineToOverride = false : VMs defined inline may NOT replace previous VM definitions
2019-02-18 16:47:55,306 - Velocimacro : allowInlineLocal = false : VMs defined inline will be  global in scope if allowed.
2019-02-18 16:47:55,306 - Velocimacro : messages on  : VM system will output logging messages
2019-02-18 16:47:55,306 - Velocimacro : autoload off  : VM system will not automatically reload global library macros
2019-02-18 16:47:55,306 - Velocimacro : initialization complete.
2019-02-18 16:47:55,306 - Velocity successfully started.
2019-02-18 16:50:44,057 - SimpleLog4JLogSystem initialized using logfile 'velocity.log'
2019-02-18 16:50:44,057 - ************************************************************** 
2019-02-18 16:50:44,057 - Starting Jakarta Velocity v1.4
2019-02-18 16:50:44,057 - RuntimeInstance initializing.
2019-02-18 16:50:44,058 - Default Properties File: org/apache/velocity/runtime/defaults/velocity.properties
2019-02-18 16:50:44,058 - Trying to use logger class org.apache.velocity.runtime.log.SimpleLog4JLogSystem
2019-02-18 16:50:44,058 - Using logger class org.apache.velocity.runtime.log.SimpleLog4JLogSystem
2019-02-18 16:50:44,059 - Default ResourceManager initializing. (class org.apache.velocity.runtime.resource.ResourceManagerImpl)
2019-02-18 16:50:44,060 - Resource Loader Instantiated: org.apache.velocity.runtime.resource.loader.ClasspathResourceLoader
2019-02-18 16:50:44,060 - ClasspathResourceLoader : initialization starting.
2019-02-18 16:50:44,060 - ClasspathResourceLoader : initialization complete.
2019-02-18 16:50:44,061 - ResourceCache : initialized. (class org.apache.velocity.runtime.resource.ResourceCacheImpl)
2019-02-18 16:50:44,061 - Default ResourceManager initialization complete.
2019-02-18 16:50:44,062 - Loaded System Directive: org.apache.velocity.runtime.directive.Literal
2019-02-18 16:50:44,063 - Loaded System Directive: org.apache.velocity.runtime.directive.Macro
2019-02-18 16:50:44,064 - Loaded System Directive: org.apache.velocity.runtime.directive.Parse
2019-02-18 16:50:44,065 - Loaded System Directive: org.apache.velocity.runtime.directive.Include
2019-02-18 16:50:44,065 - Loaded System Directive: org.apache.velocity.runtime.directive.Foreach
2019-02-18 16:50:44,082 - Created: 20 parsers.
2019-02-18 16:50:44,083 - Velocimacro : initialization starting.
2019-02-18 16:50:44,084 - Velocimacro : adding VMs from VM library template : VM_global_library.vm
2019-02-18 16:50:44,093 - ResourceManager : unable to find resource 'VM_global_library.vm' in any resource loader.
2019-02-18 16:50:44,093 - Velocimacro : error using  VM library template VM_global_library.vm : org.apache.velocity.exception.ResourceNotFoundException: Unable to find resource 'VM_global_library.vm'
2019-02-18 16:50:44,093 - Velocimacro :  VM library template macro registration complete.
2019-02-18 16:50:44,093 - Velocimacro : allowInline = true : VMs can be defined inline in templates
2019-02-18 16:50:44,093 - Velocimacro : allowInlineToOverride = false : VMs defined inline may NOT replace previous VM definitions
2019-02-18 16:50:44,093 - Velocimacro : allowInlineLocal = false : VMs defined inline will be  global in scope if allowed.
2019-02-18 16:50:44,093 - Velocimacro : messages on  : VM system will output logging messages
2019-02-18 16:50:44,093 - Velocimacro : autoload off  : VM system will not automatically reload global library macros
2019-02-18 16:50:44,093 - Velocimacro : initialization complete.
2019-02-18 16:50:44,093 - Velocity successfully started.
2019-02-18 16:50:58,674 - SimpleLog4JLogSystem initialized using logfile 'velocity.log'
2019-02-18 16:50:58,675 - ************************************************************** 
2019-02-18 16:50:58,675 - Starting Jakarta Velocity v1.4
2019-02-18 16:50:58,675 - RuntimeInstance initializing.
2019-02-18 16:50:58,675 - Default Properties File: org/apache/velocity/runtime/defaults/velocity.properties
2019-02-18 16:50:58,675 - Trying to use logger class org.apache.velocity.runtime.log.SimpleLog4JLogSystem
2019-02-18 16:50:58,675 - Using logger class org.apache.velocity.runtime.log.SimpleLog4JLogSystem
2019-02-18 16:50:58,676 - Default ResourceManager initializing. (class org.apache.velocity.runtime.resource.ResourceManagerImpl)
2019-02-18 16:50:58,677 - Resource Loader Instantiated: org.apache.velocity.runtime.resource.loader.ClasspathResourceLoader
2019-02-18 16:50:58,677 - ClasspathResourceLoader : initialization starting.
2019-02-18 16:50:58,677 - ClasspathResourceLoader : initialization complete.
2019-02-18 16:50:58,677 - ResourceCache : initialized. (class org.apache.velocity.runtime.resource.ResourceCacheImpl)
2019-02-18 16:50:58,677 - Default ResourceManager initialization complete.
2019-02-18 16:50:58,678 - Loaded System Directive: org.apache.velocity.runtime.directive.Literal
2019-02-18 16:50:58,679 - Loaded System Directive: org.apache.velocity.runtime.directive.Macro
2019-02-18 16:50:58,680 - Loaded System Directive: org.apache.velocity.runtime.directive.Parse
2019-02-18 16:50:58,680 - Loaded System Directive: org.apache.velocity.runtime.directive.Include
2019-02-18 16:50:58,681 - Loaded System Directive: org.apache.velocity.runtime.directive.Foreach
2019-02-18 16:50:58,697 - Created: 20 parsers.
2019-02-18 16:50:58,699 - Velocimacro : initialization starting.
2019-02-18 16:50:58,699 - Velocimacro : adding VMs from VM library template : VM_global_library.vm
2019-02-18 16:50:58,707 - ResourceManager : unable to find resource 'VM_global_library.vm' in any resource loader.
2019-02-18 16:50:58,707 - Velocimacro : error using  VM library template VM_global_library.vm : org.apache.velocity.exception.ResourceNotFoundException: Unable to find resource 'VM_global_library.vm'
2019-02-18 16:50:58,707 - Velocimacro :  VM library template macro registration complete.
2019-02-18 16:50:58,707 - Velocimacro : allowInline = true : VMs can be defined inline in templates
2019-02-18 16:50:58,707 - Velocimacro : allowInlineToOverride = false : VMs defined inline may NOT replace previous VM definitions
2019-02-18 16:50:58,707 - Velocimacro : allowInlineLocal = false : VMs defined inline will be  global in scope if allowed.
2019-02-18 16:50:58,707 - Velocimacro : messages on  : VM system will output logging messages
2019-02-18 16:50:58,708 - Velocimacro : autoload off  : VM system will not automatically reload global library macros
2019-02-18 16:50:58,708 - Velocimacro : initialization complete.
2019-02-18 16:50:58,708 - Velocity successfully started.
2019-02-18 17:04:28,945 - SimpleLog4JLogSystem initialized using logfile 'velocity.log'
2019-02-18 17:04:28,945 - ************************************************************** 
2019-02-18 17:04:28,946 - Starting Jakarta Velocity v1.4
2019-02-18 17:04:28,946 - RuntimeInstance initializing.
2019-02-18 17:04:28,946 - Default Properties File: org/apache/velocity/runtime/defaults/velocity.properties
2019-02-18 17:04:28,946 - Trying to use logger class org.apache.velocity.runtime.log.SimpleLog4JLogSystem
2019-02-18 17:04:28,946 - Using logger class org.apache.velocity.runtime.log.SimpleLog4JLogSystem
2019-02-18 17:04:28,947 - Default ResourceManager initializing. (class org.apache.velocity.runtime.resource.ResourceManagerImpl)
2019-02-18 17:04:28,947 - Resource Loader Instantiated: org.apache.velocity.runtime.resource.loader.ClasspathResourceLoader
2019-02-18 17:04:28,948 - ClasspathResourceLoader : initialization starting.
2019-02-18 17:04:28,948 - ClasspathResourceLoader : initialization complete.
2019-02-18 17:04:28,948 - ResourceCache : initialized. (class org.apache.velocity.runtime.resource.ResourceCacheImpl)
2019-02-18 17:04:28,948 - Default ResourceManager initialization complete.
2019-02-18 17:04:28,949 - Loaded System Directive: org.apache.velocity.runtime.directive.Literal
2019-02-18 17:04:28,949 - Loaded System Directive: org.apache.velocity.runtime.directive.Macro
2019-02-18 17:04:28,950 - Loaded System Directive: org.apache.velocity.runtime.directive.Parse
2019-02-18 17:04:28,951 - Loaded System Directive: org.apache.velocity.runtime.directive.Include
2019-02-18 17:04:28,951 - Loaded System Directive: org.apache.velocity.runtime.directive.Foreach
2019-02-18 17:04:28,965 - Created: 20 parsers.
2019-02-18 17:04:28,966 - Velocimacro : initialization starting.
2019-02-18 17:04:28,967 - Velocimacro : adding VMs from VM library template : VM_global_library.vm
2019-02-18 17:04:28,974 - ResourceManager : unable to find resource 'VM_global_library.vm' in any resource loader.
2019-02-18 17:04:28,974 - Velocimacro : error using  VM library template VM_global_library.vm : org.apache.velocity.exception.ResourceNotFoundException: Unable to find resource 'VM_global_library.vm'
2019-02-18 17:04:28,974 - Velocimacro :  VM library template macro registration complete.
2019-02-18 17:04:28,974 - Velocimacro : allowInline = true : VMs can be defined inline in templates
2019-02-18 17:04:28,975 - Velocimacro : allowInlineToOverride = false : VMs defined inline may NOT replace previous VM definitions
2019-02-18 17:04:28,975 - Velocimacro : allowInlineLocal = false : VMs defined inline will be  global in scope if allowed.
2019-02-18 17:04:28,975 - Velocimacro : messages on  : VM system will output logging messages
2019-02-18 17:04:28,975 - Velocimacro : autoload off  : VM system will not automatically reload global library macros
2019-02-18 17:04:28,975 - Velocimacro : initialization complete.
2019-02-18 17:04:28,975 - Velocity successfully started.
2019-02-18 17:08:10,667 - SimpleLog4JLogSystem initialized using logfile 'velocity.log'
2019-02-18 17:08:10,668 - ************************************************************** 
2019-02-18 17:08:10,668 - Starting Jakarta Velocity v1.4
2019-02-18 17:08:10,668 - RuntimeInstance initializing.
2019-02-18 17:08:10,668 - Default Properties File: org/apache/velocity/runtime/defaults/velocity.properties
2019-02-18 17:08:10,668 - Trying to use logger class org.apache.velocity.runtime.log.SimpleLog4JLogSystem
2019-02-18 17:08:10,668 - Using logger class org.apache.velocity.runtime.log.SimpleLog4JLogSystem
2019-02-18 17:08:10,669 - Default ResourceManager initializing. (class org.apache.velocity.runtime.resource.ResourceManagerImpl)
2019-02-18 17:08:10,670 - Resource Loader Instantiated: org.apache.velocity.runtime.resource.loader.ClasspathResourceLoader
2019-02-18 17:08:10,670 - ClasspathResourceLoader : initialization starting.
2019-02-18 17:08:10,670 - ClasspathResourceLoader : initialization complete.
2019-02-18 17:08:10,670 - ResourceCache : initialized. (class org.apache.velocity.runtime.resource.ResourceCacheImpl)
2019-02-18 17:08:10,670 - Default ResourceManager initialization complete.
2019-02-18 17:08:10,671 - Loaded System Directive: org.apache.velocity.runtime.directive.Literal
2019-02-18 17:08:10,671 - Loaded System Directive: org.apache.velocity.runtime.directive.Macro
2019-02-18 17:08:10,672 - Loaded System Directive: org.apache.velocity.runtime.directive.Parse
2019-02-18 17:08:10,673 - Loaded System Directive: org.apache.velocity.runtime.directive.Include
2019-02-18 17:08:10,673 - Loaded System Directive: org.apache.velocity.runtime.directive.Foreach
2019-02-18 17:08:10,688 - Created: 20 parsers.
2019-02-18 17:08:10,690 - Velocimacro : initialization starting.
2019-02-18 17:08:10,690 - Velocimacro : adding VMs from VM library template : VM_global_library.vm
2019-02-18 17:08:10,700 - ResourceManager : unable to find resource 'VM_global_library.vm' in any resource loader.
2019-02-18 17:08:10,700 - Velocimacro : error using  VM library template VM_global_library.vm : org.apache.velocity.exception.ResourceNotFoundException: Unable to find resource 'VM_global_library.vm'
2019-02-18 17:08:10,700 - Velocimacro :  VM library template macro registration complete.
2019-02-18 17:08:10,700 - Velocimacro : allowInline = true : VMs can be defined inline in templates
2019-02-18 17:08:10,700 - Velocimacro : allowInlineToOverride = false : VMs defined inline may NOT replace previous VM definitions
2019-02-18 17:08:10,700 - Velocimacro : allowInlineLocal = false : VMs defined inline will be  global in scope if allowed.
2019-02-18 17:08:10,700 - Velocimacro : messages on  : VM system will output logging messages
2019-02-18 17:08:10,700 - Velocimacro : autoload off  : VM system will not automatically reload global library macros
2019-02-18 17:08:10,700 - Velocimacro : initialization complete.
2019-02-18 17:08:10,700 - Velocity successfully started.
2019-02-18 17:08:42,781 - SimpleLog4JLogSystem initialized using logfile 'velocity.log'
2019-02-18 17:08:42,782 - ************************************************************** 
2019-02-18 17:08:42,782 - Starting Jakarta Velocity v1.4
2019-02-18 17:08:42,782 - RuntimeInstance initializing.
2019-02-18 17:08:42,782 - Default Properties File: org/apache/velocity/runtime/defaults/velocity.properties
2019-02-18 17:08:42,782 - Trying to use logger class org.apache.velocity.runtime.log.SimpleLog4JLogSystem
2019-02-18 17:08:42,782 - Using logger class org.apache.velocity.runtime.log.SimpleLog4JLogSystem
2019-02-18 17:08:42,783 - Default ResourceManager initializing. (class org.apache.velocity.runtime.resource.ResourceManagerImpl)
2019-02-18 17:08:42,784 - Resource Loader Instantiated: org.apache.velocity.runtime.resource.loader.ClasspathResourceLoader
2019-02-18 17:08:42,784 - ClasspathResourceLoader : initialization starting.
2019-02-18 17:08:42,784 - ClasspathResourceLoader : initialization complete.
2019-02-18 17:08:42,784 - ResourceCache : initialized. (class org.apache.velocity.runtime.resource.ResourceCacheImpl)
2019-02-18 17:08:42,784 - Default ResourceManager initialization complete.
2019-02-18 17:08:42,785 - Loaded System Directive: org.apache.velocity.runtime.directive.Literal
2019-02-18 17:08:42,786 - Loaded System Directive: org.apache.velocity.runtime.directive.Macro
2019-02-18 17:08:42,786 - Loaded System Directive: org.apache.velocity.runtime.directive.Parse
2019-02-18 17:08:42,787 - Loaded System Directive: org.apache.velocity.runtime.directive.Include
2019-02-18 17:08:42,787 - Loaded System Directive: org.apache.velocity.runtime.directive.Foreach
2019-02-18 17:08:42,803 - Created: 20 parsers.
2019-02-18 17:08:42,805 - Velocimacro : initialization starting.
2019-02-18 17:08:42,805 - Velocimacro : adding VMs from VM library template : VM_global_library.vm
2019-02-18 17:08:42,814 - ResourceManager : unable to find resource 'VM_global_library.vm' in any resource loader.
2019-02-18 17:08:42,814 - Velocimacro : error using  VM library template VM_global_library.vm : org.apache.velocity.exception.ResourceNotFoundException: Unable to find resource 'VM_global_library.vm'
2019-02-18 17:08:42,814 - Velocimacro :  VM library template macro registration complete.
2019-02-18 17:08:42,815 - Velocimacro : allowInline = true : VMs can be defined inline in templates
2019-02-18 17:08:42,815 - Velocimacro : allowInlineToOverride = false : VMs defined inline may NOT replace previous VM definitions
2019-02-18 17:08:42,815 - Velocimacro : allowInlineLocal = false : VMs defined inline will be  global in scope if allowed.
2019-02-18 17:08:42,815 - Velocimacro : messages on  : VM system will output logging messages
2019-02-18 17:08:42,815 - Velocimacro : autoload off  : VM system will not automatically reload global library macros
2019-02-18 17:08:42,815 - Velocimacro : initialization complete.
2019-02-18 17:08:42,815 - Velocity successfully started.
2019-02-18 17:09:25,047 - SimpleLog4JLogSystem initialized using logfile 'velocity.log'
2019-02-18 17:09:25,047 - ************************************************************** 
2019-02-18 17:09:25,047 - Starting Jakarta Velocity v1.4
2019-02-18 17:09:25,047 - RuntimeInstance initializing.
2019-02-18 17:09:25,047 - Default Properties File: org/apache/velocity/runtime/defaults/velocity.properties
2019-02-18 17:09:25,047 - Trying to use logger class org.apache.velocity.runtime.log.SimpleLog4JLogSystem
2019-02-18 17:09:25,047 - Using logger class org.apache.velocity.runtime.log.SimpleLog4JLogSystem
2019-02-18 17:09:25,048 - Default ResourceManager initializing. (class org.apache.velocity.runtime.resource.ResourceManagerImpl)
2019-02-18 17:09:25,049 - Resource Loader Instantiated: org.apache.velocity.runtime.resource.loader.ClasspathResourceLoader
2019-02-18 17:09:25,049 - ClasspathResourceLoader : initialization starting.
2019-02-18 17:09:25,049 - ClasspathResourceLoader : initialization complete.
2019-02-18 17:09:25,050 - ResourceCache : initialized. (class org.apache.velocity.runtime.resource.ResourceCacheImpl)
2019-02-18 17:09:25,050 - Default ResourceManager initialization complete.
2019-02-18 17:09:25,050 - Loaded System Directive: org.apache.velocity.runtime.directive.Literal
2019-02-18 17:09:25,051 - Loaded System Directive: org.apache.velocity.runtime.directive.Macro
2019-02-18 17:09:25,051 - Loaded System Directive: org.apache.velocity.runtime.directive.Parse
2019-02-18 17:09:25,052 - Loaded System Directive: org.apache.velocity.runtime.directive.Include
2019-02-18 17:09:25,052 - Loaded System Directive: org.apache.velocity.runtime.directive.Foreach
2019-02-18 17:09:25,074 - Created: 20 parsers.
2019-02-18 17:09:25,076 - Velocimacro : initialization starting.
2019-02-18 17:09:25,076 - Velocimacro : adding VMs from VM library template : VM_global_library.vm
2019-02-18 17:09:25,077 - ResourceManager : unable to find resource 'VM_global_library.vm' in any resource loader.
2019-02-18 17:09:25,077 - Velocimacro : error using  VM library template VM_global_library.vm : org.apache.velocity.exception.ResourceNotFoundException: Unable to find resource 'VM_global_library.vm'
2019-02-18 17:09:25,077 - Velocimacro :  VM library template macro registration complete.
2019-02-18 17:09:25,077 - Velocimacro : allowInline = true : VMs can be defined inline in templates
2019-02-18 17:09:25,077 - Velocimacro : allowInlineToOverride = false : VMs defined inline may NOT replace previous VM definitions
2019-02-18 17:09:25,077 - Velocimacro : allowInlineLocal = false : VMs defined inline will be  global in scope if allowed.
2019-02-18 17:09:25,077 - Velocimacro : messages on  : VM system will output logging messages
2019-02-18 17:09:25,077 - Velocimacro : autoload off  : VM system will not automatically reload global library macros
2019-02-18 17:09:25,077 - Velocimacro : initialization complete.
2019-02-18 17:09:25,077 - Velocity successfully started.
2019-02-18 17:11:02,709 - SimpleLog4JLogSystem initialized using logfile 'velocity.log'
2019-02-18 17:11:02,710 - ************************************************************** 
2019-02-18 17:11:02,710 - Starting Jakarta Velocity v1.4
2019-02-18 17:11:02,710 - RuntimeInstance initializing.
2019-02-18 17:11:02,710 - Default Properties File: org/apache/velocity/runtime/defaults/velocity.properties
2019-02-18 17:11:02,710 - Trying to use logger class org.apache.velocity.runtime.log.SimpleLog4JLogSystem
2019-02-18 17:11:02,710 - Using logger class org.apache.velocity.runtime.log.SimpleLog4JLogSystem
2019-02-18 17:11:02,711 - Default ResourceManager initializing. (class org.apache.velocity.runtime.resource.ResourceManagerImpl)
2019-02-18 17:11:02,712 - Resource Loader Instantiated: org.apache.velocity.runtime.resource.loader.ClasspathResourceLoader
2019-02-18 17:11:02,712 - ClasspathResourceLoader : initialization starting.
2019-02-18 17:11:02,712 - ClasspathResourceLoader : initialization complete.
2019-02-18 17:11:02,712 - ResourceCache : initialized. (class org.apache.velocity.runtime.resource.ResourceCacheImpl)
2019-02-18 17:11:02,712 - Default ResourceManager initialization complete.
2019-02-18 17:11:02,713 - Loaded System Directive: org.apache.velocity.runtime.directive.Literal
2019-02-18 17:11:02,714 - Loaded System Directive: org.apache.velocity.runtime.directive.Macro
2019-02-18 17:11:02,715 - Loaded System Directive: org.apache.velocity.runtime.directive.Parse
2019-02-18 17:11:02,715 - Loaded System Directive: org.apache.velocity.runtime.directive.Include
2019-02-18 17:11:02,716 - Loaded System Directive: org.apache.velocity.runtime.directive.Foreach
2019-02-18 17:11:02,732 - Created: 20 parsers.
2019-02-18 17:11:02,734 - Velocimacro : initialization starting.
2019-02-18 17:11:02,734 - Velocimacro : adding VMs from VM library template : VM_global_library.vm
2019-02-18 17:11:02,742 - ResourceManager : unable to find resource 'VM_global_library.vm' in any resource loader.
2019-02-18 17:11:02,743 - Velocimacro : error using  VM library template VM_global_library.vm : org.apache.velocity.exception.ResourceNotFoundException: Unable to find resource 'VM_global_library.vm'
2019-02-18 17:11:02,743 - Velocimacro :  VM library template macro registration complete.
2019-02-18 17:11:02,743 - Velocimacro : allowInline = true : VMs can be defined inline in templates
2019-02-18 17:11:02,743 - Velocimacro : allowInlineToOverride = false : VMs defined inline may NOT replace previous VM definitions
2019-02-18 17:11:02,743 - Velocimacro : allowInlineLocal = false : VMs defined inline will be  global in scope if allowed.
2019-02-18 17:11:02,743 - Velocimacro : messages on  : VM system will output logging messages
2019-02-18 17:11:02,743 - Velocimacro : autoload off  : VM system will not automatically reload global library macros
2019-02-18 17:11:02,743 - Velocimacro : initialization complete.
2019-02-18 17:11:02,743 - Velocity successfully started.
2019-02-18 17:12:07,212 - SimpleLog4JLogSystem initialized using logfile 'velocity.log'
2019-02-18 17:12:07,212 - ************************************************************** 
2019-02-18 17:12:07,212 - Starting Jakarta Velocity v1.4
2019-02-18 17:12:07,212 - RuntimeInstance initializing.
2019-02-18 17:12:07,212 - Default Properties File: org/apache/velocity/runtime/defaults/velocity.properties
2019-02-18 17:12:07,212 - Trying to use logger class org.apache.velocity.runtime.log.SimpleLog4JLogSystem
2019-02-18 17:12:07,212 - Using logger class org.apache.velocity.runtime.log.SimpleLog4JLogSystem
2019-02-18 17:12:07,213 - Default ResourceManager initializing. (class org.apache.velocity.runtime.resource.ResourceManagerImpl)
2019-02-18 17:12:07,214 - Resource Loader Instantiated: org.apache.velocity.runtime.resource.loader.ClasspathResourceLoader
2019-02-18 17:12:07,214 - ClasspathResourceLoader : initialization starting.
2019-02-18 17:12:07,214 - ClasspathResourceLoader : initialization complete.
2019-02-18 17:12:07,215 - ResourceCache : initialized. (class org.apache.velocity.runtime.resource.ResourceCacheImpl)
2019-02-18 17:12:07,215 - Default ResourceManager initialization complete.
2019-02-18 17:12:07,216 - Loaded System Directive: org.apache.velocity.runtime.directive.Literal
2019-02-18 17:12:07,216 - Loaded System Directive: org.apache.velocity.runtime.directive.Macro
2019-02-18 17:12:07,217 - Loaded System Directive: org.apache.velocity.runtime.directive.Parse
2019-02-18 17:12:07,218 - Loaded System Directive: org.apache.velocity.runtime.directive.Include
2019-02-18 17:12:07,219 - Loaded System Directive: org.apache.velocity.runtime.directive.Foreach
2019-02-18 17:12:07,235 - Created: 20 parsers.
2019-02-18 17:12:07,237 - Velocimacro : initialization starting.
2019-02-18 17:12:07,237 - Velocimacro : adding VMs from VM library template : VM_global_library.vm
2019-02-18 17:12:07,245 - ResourceManager : unable to find resource 'VM_global_library.vm' in any resource loader.
2019-02-18 17:12:07,246 - Velocimacro : error using  VM library template VM_global_library.vm : org.apache.velocity.exception.ResourceNotFoundException: Unable to find resource 'VM_global_library.vm'
2019-02-18 17:12:07,246 - Velocimacro :  VM library template macro registration complete.
2019-02-18 17:12:07,246 - Velocimacro : allowInline = true : VMs can be defined inline in templates
2019-02-18 17:12:07,246 - Velocimacro : allowInlineToOverride = false : VMs defined inline may NOT replace previous VM definitions
2019-02-18 17:12:07,246 - Velocimacro : allowInlineLocal = false : VMs defined inline will be  global in scope if allowed.
2019-02-18 17:12:07,246 - Velocimacro : messages on  : VM system will output logging messages
2019-02-18 17:12:07,246 - Velocimacro : autoload off  : VM system will not automatically reload global library macros
2019-02-18 17:12:07,246 - Velocimacro : initialization complete.
2019-02-18 17:12:07,246 - Velocity successfully started.
